<?xml version="1.0" encoding="UTF-8"?>
<coverage generated="1510019558042" clover="3.2.0">
  <project timestamp="1510019558042" name="All files">
    <metrics statements="174" coveredstatements="145" conditionals="50" coveredconditionals="40" methods="51" coveredmethods="35" elements="275" coveredelements="220" complexity="0" loc="174" ncloc="174" packages="8" files="16" classes="16">
      <package name="lib">
        <metrics statements="15" coveredstatements="15" conditionals="8" coveredconditionals="6" methods="3" coveredmethods="3"/>
        <file name="providers.ts" path="/home/evan/Code/mindless/lib/providers.ts">
          <metrics statements="9" coveredstatements="9" conditionals="2" coveredconditionals="2" methods="1" coveredmethods="1"/>
          <line num="2" count="1" type="stmt"/>
          <line num="3" count="1" type="stmt"/>
          <line num="5" count="1" type="stmt"/>
          <line num="7" count="1" type="stmt"/>
          <line num="8" count="3" type="cond" truecount="2" falsecount="0"/>
          <line num="9" count="1" type="stmt"/>
          <line num="12" count="3" type="stmt"/>
          <line num="13" count="3" type="stmt"/>
          <line num="15" count="3" type="stmt"/>
        </file>
        <file name="response.ts" path="/home/evan/Code/mindless/lib/response.ts">
          <metrics statements="5" coveredstatements="5" conditionals="6" coveredconditionals="4" methods="2" coveredmethods="2"/>
          <line num="1" count="1" type="stmt"/>
          <line num="10" count="4" type="cond" truecount="1" falsecount="1"/>
          <line num="11" count="5" type="cond" truecount="2" falsecount="0"/>
          <line num="12" count="6" type="cond" truecount="1" falsecount="1"/>
          <line num="14" count="1" type="stmt"/>
        </file>
        <file name="types.ts" path="/home/evan/Code/mindless/lib/types.ts">
          <metrics statements="1" coveredstatements="1" conditionals="0" coveredconditionals="0" methods="0" coveredmethods="0"/>
          <line num="1" count="2" type="stmt"/>
        </file>
      </package>
      <package name="lib.configs">
        <metrics statements="26" coveredstatements="26" conditionals="6" coveredconditionals="6" methods="8" coveredmethods="8"/>
        <file name="config.ts" path="/home/evan/Code/mindless/lib/configs/config.ts">
          <metrics statements="4" coveredstatements="4" conditionals="0" coveredconditionals="0" methods="2" coveredmethods="2"/>
          <line num="1" count="3" type="stmt"/>
          <line num="8" count="3" type="stmt"/>
          <line num="9" count="4" type="stmt"/>
          <line num="10" count="3" type="stmt"/>
        </file>
        <file name="configuration-manager.ts" path="/home/evan/Code/mindless/lib/configs/configuration-manager.ts">
          <metrics statements="20" coveredstatements="20" conditionals="6" coveredconditionals="6" methods="6" coveredmethods="6"/>
          <line num="1" count="3" type="stmt"/>
          <line num="5" count="3" type="stmt"/>
          <line num="7" count="9" type="stmt"/>
          <line num="9" count="9" type="stmt"/>
          <line num="10" count="9" type="cond" truecount="2" falsecount="0"/>
          <line num="11" count="4" type="stmt"/>
          <line num="13" count="5" type="stmt"/>
          <line num="14" count="5" type="stmt"/>
          <line num="15" count="6" type="stmt"/>
          <line num="20" count="3" type="stmt"/>
          <line num="21" count="8" type="cond" truecount="2" falsecount="0"/>
          <line num="22" count="7" type="stmt"/>
          <line num="25" count="1" type="stmt"/>
          <line num="29" count="3" type="stmt"/>
          <line num="30" count="10" type="stmt"/>
          <line num="33" count="3" type="stmt"/>
          <line num="34" count="2" type="cond" truecount="2" falsecount="0"/>
          <line num="35" count="1" type="stmt"/>
          <line num="36" count="1" type="stmt"/>
          <line num="38" count="3" type="stmt"/>
        </file>
        <file name="index.ts" path="/home/evan/Code/mindless/lib/configs/index.ts">
          <metrics statements="2" coveredstatements="2" conditionals="0" coveredconditionals="0" methods="0" coveredmethods="0"/>
          <line num="1" count="2" type="stmt"/>
          <line num="2" count="2" type="stmt"/>
        </file>
      </package>
      <package name="lib.controller">
        <metrics statements="3" coveredstatements="3" conditionals="0" coveredconditionals="0" methods="2" coveredmethods="2"/>
        <file name="controller.ts" path="/home/evan/Code/mindless/lib/controller/controller.ts">
          <metrics statements="3" coveredstatements="3" conditionals="0" coveredconditionals="0" methods="2" coveredmethods="2"/>
          <line num="1" count="1" type="stmt"/>
          <line num="4" count="1" type="stmt"/>
          <line num="7" count="1" type="stmt"/>
        </file>
      </package>
      <package name="lib.data">
        <metrics statements="4" coveredstatements="4" conditionals="0" coveredconditionals="0" methods="0" coveredmethods="0"/>
        <file name="index.ts" path="/home/evan/Code/mindless/lib/data/index.ts">
          <metrics statements="4" coveredstatements="4" conditionals="0" coveredconditionals="0" methods="0" coveredmethods="0"/>
          <line num="1" count="1" type="stmt"/>
          <line num="2" count="1" type="stmt"/>
          <line num="3" count="1" type="stmt"/>
          <line num="4" count="1" type="stmt"/>
        </file>
      </package>
      <package name="lib.data.dynamo">
        <metrics statements="48" coveredstatements="19" conditionals="8" coveredconditionals="0" methods="19" coveredmethods="3"/>
        <file name="dynamo.ts" path="/home/evan/Code/mindless/lib/data/dynamo/dynamo.ts">
          <metrics statements="16" coveredstatements="11" conditionals="2" coveredconditionals="0" methods="5" coveredmethods="2"/>
          <line num="1" count="2" type="stmt"/>
          <line num="3" count="2" type="stmt"/>
          <line num="4" count="2" type="stmt"/>
          <line num="8" count="2" type="stmt"/>
          <line num="10" count="1" type="stmt"/>
          <line num="11" count="1" type="stmt"/>
          <line num="12" count="1" type="stmt"/>
          <line num="13" count="1" type="stmt"/>
          <line num="16" count="2" type="stmt"/>
          <line num="17" count="0" type="stmt"/>
          <line num="20" count="2" type="stmt"/>
          <line num="21" count="0" type="stmt"/>
          <line num="22" count="0" type="cond" truecount="0" falsecount="2"/>
          <line num="23" count="0" type="stmt"/>
          <line num="25" count="0" type="stmt"/>
          <line num="29" count="2" type="stmt"/>
        </file>
        <file name="table.ts" path="/home/evan/Code/mindless/lib/data/dynamo/table.ts">
          <metrics statements="32" coveredstatements="8" conditionals="6" coveredconditionals="0" methods="14" coveredmethods="1"/>
          <line num="2" count="1" type="stmt"/>
          <line num="7" count="1" type="stmt"/>
          <line num="12" count="0" type="stmt"/>
          <line num="15" count="1" type="stmt"/>
          <line num="16" count="0" type="stmt"/>
          <line num="20" count="1" type="cond" truecount="0" falsecount="2"/>
          <line num="22" count="0" type="stmt"/>
          <line num="23" count="0" type="stmt"/>
          <line num="24" count="0" type="cond" truecount="0" falsecount="2"/>
          <line num="25" count="0" type="stmt"/>
          <line num="26" count="0" type="stmt"/>
          <line num="28" count="0" type="stmt"/>
          <line num="29" count="0" type="stmt"/>
          <line num="30" count="0" type="stmt"/>
          <line num="34" count="0" type="stmt"/>
          <line num="37" count="0" type="stmt"/>
          <line num="40" count="1" type="stmt"/>
          <line num="41" count="0" type="stmt"/>
          <line num="42" count="0" type="stmt"/>
          <line num="45" count="1" type="stmt"/>
          <line num="46" count="0" type="stmt"/>
          <line num="49" count="1" type="stmt"/>
          <line num="50" count="0" type="stmt"/>
          <line num="52" count="0" type="stmt"/>
          <line num="53" count="0" type="cond" truecount="0" falsecount="2"/>
          <line num="54" count="0" type="stmt"/>
          <line num="55" count="0" type="stmt"/>
          <line num="57" count="0" type="stmt"/>
          <line num="58" count="0" type="stmt"/>
          <line num="62" count="0" type="stmt"/>
          <line num="65" count="0" type="stmt"/>
          <line num="69" count="1" type="stmt"/>
        </file>
      </package>
      <package name="lib.middleware">
        <metrics statements="5" coveredstatements="5" conditionals="0" coveredconditionals="0" methods="3" coveredmethods="3"/>
        <file name="middleware.ts" path="/home/evan/Code/mindless/lib/middleware/middleware.ts">
          <metrics statements="5" coveredstatements="5" conditionals="0" coveredconditionals="0" methods="3" coveredmethods="3"/>
          <line num="1" count="2" type="stmt"/>
          <line num="4" count="1" type="stmt"/>
          <line num="6" count="2" type="stmt"/>
          <line num="7" count="1" type="stmt"/>
          <line num="11" count="2" type="stmt"/>
        </file>
      </package>
      <package name="lib.request">
        <metrics statements="43" coveredstatements="43" conditionals="24" coveredconditionals="24" methods="8" coveredmethods="8"/>
        <file name="event.ts" path="/home/evan/Code/mindless/lib/request/event.ts">
          <metrics statements="8" coveredstatements="8" conditionals="2" coveredconditionals="2" methods="1" coveredmethods="1"/>
          <line num="1" count="1" type="cond" truecount="2" falsecount="0"/>
          <line num="2" count="1" type="stmt"/>
          <line num="3" count="1" type="stmt"/>
          <line num="4" count="1" type="stmt"/>
          <line num="5" count="1" type="stmt"/>
          <line num="6" count="1" type="stmt"/>
          <line num="7" count="1" type="stmt"/>
          <line num="8" count="1" type="stmt"/>
        </file>
        <file name="index.ts" path="/home/evan/Code/mindless/lib/request/index.ts">
          <metrics statements="2" coveredstatements="2" conditionals="0" coveredconditionals="0" methods="0" coveredmethods="0"/>
          <line num="1" count="1" type="stmt"/>
          <line num="2" count="1" type="stmt"/>
        </file>
        <file name="request.ts" path="/home/evan/Code/mindless/lib/request/request.ts">
          <metrics statements="33" coveredstatements="33" conditionals="22" coveredconditionals="22" methods="7" coveredmethods="7"/>
          <line num="5" count="1" type="stmt"/>
          <line num="8" count="10" type="stmt"/>
          <line num="9" count="10" type="cond" truecount="2" falsecount="0"/>
          <line num="10" count="6" type="stmt"/>
          <line num="12" count="4" type="stmt"/>
          <line num="14" count="10" type="cond" truecount="2" falsecount="0"/>
          <line num="15" count="1" type="stmt"/>
          <line num="17" count="10" type="cond" truecount="2" falsecount="0"/>
          <line num="18" count="1" type="stmt"/>
          <line num="20" count="10" type="cond" truecount="2" falsecount="0"/>
          <line num="21" count="1" type="stmt"/>
          <line num="25" count="1" type="stmt"/>
          <line num="26" count="1" type="stmt"/>
          <line num="29" count="1" type="stmt"/>
          <line num="30" count="1" type="stmt"/>
          <line num="33" count="1" type="stmt"/>
          <line num="35" count="11" type="cond" truecount="2" falsecount="0"/>
          <line num="36" count="1" type="stmt"/>
          <line num="38" count="10" type="cond" truecount="2" falsecount="0"/>
          <line num="39" count="1" type="stmt"/>
          <line num="41" count="9" type="cond" truecount="2" falsecount="0"/>
          <line num="42" count="7" type="stmt"/>
          <line num="45" count="2" type="stmt"/>
          <line num="48" count="1" type="stmt"/>
          <line num="49" count="2" type="cond" truecount="2" falsecount="0"/>
          <line num="50" count="1" type="stmt"/>
          <line num="53" count="1" type="stmt"/>
          <line num="56" count="5" type="cond" truecount="2" falsecount="0"/>
          <line num="57" count="3" type="cond" truecount="4" falsecount="0"/>
          <line num="58" count="2" type="stmt"/>
          <line num="59" count="2" type="stmt"/>
          <line num="62" count="1" type="stmt"/>
          <line num="64" count="1" type="stmt"/>
        </file>
      </package>
      <package name="lib.routing">
        <metrics statements="30" coveredstatements="30" conditionals="4" coveredconditionals="4" methods="8" coveredmethods="8"/>
        <file name="index.ts" path="/home/evan/Code/mindless/lib/routing/index.ts">
          <metrics statements="2" coveredstatements="2" conditionals="0" coveredconditionals="0" methods="0" coveredmethods="0"/>
          <line num="1" count="1" type="stmt"/>
          <line num="2" count="1" type="stmt"/>
        </file>
        <file name="router.ts" path="/home/evan/Code/mindless/lib/routing/router.ts">
          <metrics statements="28" coveredstatements="28" conditionals="4" coveredconditionals="4" methods="8" coveredmethods="8"/>
          <line num="6" count="1" type="stmt"/>
          <line num="11" count="1" type="stmt"/>
          <line num="13" count="3" type="stmt"/>
          <line num="18" count="3" type="stmt"/>
          <line num="19" count="3" type="stmt"/>
          <line num="22" count="1" type="stmt"/>
          <line num="23" count="3" type="stmt"/>
          <line num="24" count="3" type="stmt"/>
          <line num="25" count="3" type="stmt"/>
          <line num="27" count="3" type="stmt"/>
          <line num="28" count="3" type="stmt"/>
          <line num="30" count="3" type="cond" truecount="2" falsecount="0"/>
          <line num="32" count="1" type="stmt"/>
          <line num="36" count="2" type="stmt"/>
          <line num="38" count="2" type="stmt"/>
          <line num="41" count="1" type="stmt"/>
          <line num="42" count="8" type="cond" truecount="2" falsecount="0"/>
          <line num="43" count="6" type="stmt"/>
          <line num="48" count="1" type="stmt"/>
          <line num="51" count="1" type="stmt"/>
          <line num="52" count="1" type="stmt"/>
          <line num="55" count="1" type="stmt"/>
          <line num="57" count="2" type="stmt"/>
          <line num="58" count="1" type="stmt"/>
          <line num="59" count="1" type="stmt"/>
          <line num="61" count="1" type="stmt"/>
          <line num="65" count="1" type="stmt"/>
          <line num="69" count="1" type="stmt"/>
        </file>
      </package>
    </metrics>
  </project>
</coverage>
