{"/home/evan/Code/mindless/lib/providers.ts": {"path":"/home/evan/Code/mindless/lib/providers.ts","statementMap":{"0":{"start":{"line":2,"column":0},"end":{"line":2,"column":55}},"1":{"start":{"line":3,"column":0},"end":{"line":3,"column":79}},"2":{"start":{"line":5,"column":0},"end":{"line":5,"column":31}},"3":{"start":{"line":7,"column":13},"end":{"line":16,"column":1}},"4":{"start":{"line":8,"column":4},"end":{"line":10,"column":5}},"5":{"start":{"line":9,"column":8},"end":{"line":9,"column":103}},"6":{"start":{"line":12,"column":33},"end":{"line":12,"column":134}},"7":{"start":{"line":13,"column":4},"end":{"line":13,"column":131}},"8":{"start":{"line":15,"column":4},"end":{"line":15,"column":76}}},"fnMap":{"0":{"name":"(anonymous_0)","decl":{"start":{"line":7,"column":33},"end":{"line":7,"column":33}},"loc":{"start":{"line":7,"column":54},"end":{"line":16,"column":1}}}},"branchMap":{"0":{"loc":{"start":{"line":8,"column":4},"end":{"line":10,"column":5}},"type":"if","locations":[{"start":{"line":8,"column":4},"end":{"line":10,"column":5}},{"start":{"line":8,"column":4},"end":{"line":10,"column":5}}]}},"s":{"0":1,"1":1,"2":1,"3":1,"4":3,"5":1,"6":3,"7":3,"8":3},"f":{"0":3},"b":{"0":[1,2]}}
,"/home/evan/Code/mindless/lib/response.ts": {"path":"/home/evan/Code/mindless/lib/response.ts","statementMap":{"0":{"start":{"line":1,"column":0},"end":{"line":14,"column":2}},"1":{"start":{"line":10,"column":13},"end":{"line":10,"column":37}},"2":{"start":{"line":11,"column":13},"end":{"line":11,"column":45}},"3":{"start":{"line":12,"column":13},"end":{"line":12,"column":50}},"4":{"start":{"line":14,"column":2},"end":{"line":14,"column":3}},"5":{"start":{"line":1,"column":13},"end":{"line":1,"column":21}}},"fnMap":{"0":{"name":"(anonymous_0)","decl":{"start":{"line":1,"column":0},"end":{"line":null,"column":-1}},"loc":{"start":{"line":1,"column":0},"end":{"line":1,"column":-1}}},"1":{"name":"Response","decl":{"start":{"line":9,"column":4},"end":{"line":10,"column":12}},"loc":{"start":{"line":12,"column":50},"end":{"line":13,"column":9}}}},"branchMap":{"0":{"loc":{"start":{"line":10,"column":13},"end":{"line":10,"column":37}},"type":"if","locations":[{"start":{"line":10,"column":13},"end":{"line":10,"column":37}},{"start":{"line":10,"column":13},"end":{"line":10,"column":37}}]},"1":{"loc":{"start":{"line":11,"column":13},"end":{"line":11,"column":45}},"type":"if","locations":[{"start":{"line":11,"column":13},"end":{"line":11,"column":45}},{"start":{"line":11,"column":13},"end":{"line":11,"column":45}}]},"2":{"loc":{"start":{"line":12,"column":13},"end":{"line":12,"column":50}},"type":"if","locations":[{"start":{"line":12,"column":13},"end":{"line":12,"column":50}},{"start":{"line":12,"column":13},"end":{"line":12,"column":50}}]}},"s":{"0":1,"1":4,"2":5,"3":6,"4":1,"5":1},"f":{"0":1,"1":2},"b":{"0":[0,2],"1":[1,1],"2":[2,0]}}
,"/home/evan/Code/mindless/lib/types.ts": {"path":"/home/evan/Code/mindless/lib/types.ts","statementMap":{"0":{"start":{"line":1,"column":13},"end":{"line":5,"column":2}}},"fnMap":{},"branchMap":{},"s":{"0":2},"f":{},"b":{}}
,"/home/evan/Code/mindless/lib/configs/config.ts": {"path":"/home/evan/Code/mindless/lib/configs/config.ts","statementMap":{"0":{"start":{"line":1,"column":0},"end":{"line":1,"column":38}},"1":{"start":{"line":8,"column":0},"end":{"line":10,"column":0}},"2":{"start":{"line":9,"column":11},"end":{"line":9,"column":60}},"3":{"start":{"line":8,"column":13},"end":{"line":10,"column":1}},"4":{"start":{"line":10,"column":0},"end":{"line":10,"column":1}},"5":{"start":{"line":8,"column":13},"end":{"line":8,"column":26}}},"fnMap":{"0":{"name":"(anonymous_1)","decl":{"start":{"line":8,"column":0},"end":{"line":null,"column":-1}},"loc":{"start":{"line":8,"column":0},"end":{"line":8,"column":-1}}},"1":{"name":"DefaultConfig","decl":{"start":{"line":7,"column":0},"end":{"line":null,"column":-1}},"loc":{"start":{"line":7,"column":0},"end":{"line":10,"column":1}}}},"branchMap":{},"s":{"0":3,"1":3,"2":4,"3":3,"4":3,"5":3},"f":{"0":3,"1":4},"b":{}}
,"/home/evan/Code/mindless/lib/configs/configuration-manager.ts": {"path":"/home/evan/Code/mindless/lib/configs/configuration-manager.ts","statementMap":{"0":{"start":{"line":1,"column":0},"end":{"line":1,"column":38}},"1":{"start":{"line":5,"column":0},"end":{"line":38,"column":0}},"2":{"start":{"line":9,"column":4},"end":{"line":18,"column":4}},"3":{"start":{"line":9,"column":24},"end":{"line":9,"column":55}},"4":{"start":{"line":7,"column":12},"end":{"line":7,"column":33}},"5":{"start":{"line":10,"column":8},"end":{"line":11,"column":19}},"6":{"start":{"line":11,"column":12},"end":{"line":11,"column":19}},"7":{"start":{"line":13,"column":25},"end":{"line":13,"column":67}},"8":{"start":{"line":14,"column":8},"end":{"line":16,"column":11}},"9":{"start":{"line":15,"column":12},"end":{"line":15,"column":57}},"10":{"start":{"line":20,"column":11},"end":{"line":27,"column":5}},"11":{"start":{"line":21,"column":8},"end":{"line":26,"column":9}},"12":{"start":{"line":22,"column":12},"end":{"line":22,"column":38}},"13":{"start":{"line":25,"column":12},"end":{"line":25,"column":76}},"14":{"start":{"line":29,"column":11},"end":{"line":31,"column":5}},"15":{"start":{"line":30,"column":8},"end":{"line":30,"column":35}},"16":{"start":{"line":33,"column":11},"end":{"line":37,"column":5}},"17":{"start":{"line":34,"column":8},"end":{"line":35,"column":19}},"18":{"start":{"line":35,"column":12},"end":{"line":35,"column":19}},"19":{"start":{"line":36,"column":8},"end":{"line":36,"column":30}},"20":{"start":{"line":5,"column":13},"end":{"line":38,"column":1}},"21":{"start":{"line":38,"column":0},"end":{"line":38,"column":1}},"22":{"start":{"line":5,"column":13},"end":{"line":5,"column":33}}},"fnMap":{"0":{"name":"(anonymous_1)","decl":{"start":{"line":5,"column":0},"end":{"line":null,"column":-1}},"loc":{"start":{"line":5,"column":0},"end":{"line":5,"column":-1}}},"1":{"name":"ConfigurationManager","decl":{"start":{"line":9,"column":4},"end":{"line":9,"column":23}},"loc":{"start":{"line":9,"column":55},"end":{"line":18,"column":5}}},"2":{"name":"(anonymous_3)","decl":{"start":{"line":14,"column":27},"end":{"line":14,"column":27}},"loc":{"start":{"line":14,"column":36},"end":{"line":16,"column":9}}},"3":{"name":"(anonymous_4)","decl":{"start":{"line":20,"column":4},"end":{"line":20,"column":14}},"loc":{"start":{"line":20,"column":27},"end":{"line":27,"column":5}}},"4":{"name":"(anonymous_5)","decl":{"start":{"line":29,"column":4},"end":{"line":29,"column":14}},"loc":{"start":{"line":29,"column":39},"end":{"line":31,"column":5}}},"5":{"name":"(anonymous_6)","decl":{"start":{"line":33,"column":4},"end":{"line":33,"column":27}},"loc":{"start":{"line":33,"column":52},"end":{"line":37,"column":5}}}},"branchMap":{"0":{"loc":{"start":{"line":10,"column":8},"end":{"line":11,"column":19}},"type":"if","locations":[{"start":{"line":10,"column":8},"end":{"line":11,"column":19}},{"start":{"line":10,"column":8},"end":{"line":11,"column":19}}]},"1":{"loc":{"start":{"line":21,"column":8},"end":{"line":26,"column":9}},"type":"if","locations":[{"start":{"line":21,"column":8},"end":{"line":26,"column":9}},{"start":{"line":21,"column":8},"end":{"line":26,"column":9}}]},"2":{"loc":{"start":{"line":34,"column":8},"end":{"line":35,"column":19}},"type":"if","locations":[{"start":{"line":34,"column":8},"end":{"line":35,"column":19}},{"start":{"line":34,"column":8},"end":{"line":35,"column":19}}]}},"s":{"0":3,"1":3,"2":9,"3":9,"4":9,"5":9,"6":4,"7":5,"8":5,"9":6,"10":3,"11":8,"12":7,"13":1,"14":3,"15":10,"16":3,"17":2,"18":1,"19":1,"20":3,"21":3,"22":3},"f":{"0":3,"1":9,"2":6,"3":8,"4":10,"5":2},"b":{"0":[4,5],"1":[7,1],"2":[1,1]}}
,"/home/evan/Code/mindless/lib/configs/index.ts": {"path":"/home/evan/Code/mindless/lib/configs/index.ts","statementMap":{"0":{"start":{"line":1,"column":0},"end":{"line":1,"column":56}},"1":{"start":{"line":1,"column":9},"end":{"line":1,"column":22}},"2":{"start":{"line":1,"column":24},"end":{"line":1,"column":38}},"3":{"start":{"line":2,"column":0},"end":{"line":2,"column":62}},"4":{"start":{"line":2,"column":9},"end":{"line":2,"column":29}}},"fnMap":{},"branchMap":{},"s":{"0":2,"1":2,"2":2,"3":2,"4":2},"f":{},"b":{}}
,"/home/evan/Code/mindless/lib/controller/controller.ts": {"path":"/home/evan/Code/mindless/lib/controller/controller.ts","statementMap":{"0":{"start":{"line":1,"column":0},"end":{"line":1,"column":38}},"1":{"start":{"line":4,"column":0},"end":{"line":7,"column":0}},"2":{"start":{"line":4,"column":22},"end":{"line":7,"column":1}},"3":{"start":{"line":7,"column":0},"end":{"line":7,"column":1}},"4":{"start":{"line":4,"column":22},"end":{"line":4,"column":32}}},"fnMap":{"0":{"name":"(anonymous_1)","decl":{"start":{"line":4,"column":0},"end":{"line":null,"column":-1}},"loc":{"start":{"line":4,"column":0},"end":{"line":4,"column":-1}}},"1":{"name":"Controller","decl":{"start":{"line":5,"column":1},"end":{"line":null,"column":-1}},"loc":{"start":{"line":5,"column":1},"end":{"line":6,"column":2}}}},"branchMap":{},"s":{"0":1,"1":1,"2":1,"3":1,"4":1},"f":{"0":1,"1":1},"b":{}}
,"/home/evan/Code/mindless/lib/data/index.ts": {"path":"/home/evan/Code/mindless/lib/data/index.ts","statementMap":{"0":{"start":{"line":1,"column":0},"end":{"line":1,"column":31}},"1":{"start":{"line":1,"column":9},"end":{"line":1,"column":14}},"2":{"start":{"line":2,"column":0},"end":{"line":2,"column":46}},"3":{"start":{"line":2,"column":9},"end":{"line":2,"column":21}},"4":{"start":{"line":3,"column":0},"end":{"line":3,"column":40}},"5":{"start":{"line":3,"column":9},"end":{"line":3,"column":15}},"6":{"start":{"line":4,"column":0},"end":{"line":4,"column":44}},"7":{"start":{"line":4,"column":9},"end":{"line":4,"column":20}}},"fnMap":{},"branchMap":{},"s":{"0":1,"1":1,"2":1,"3":1,"4":1,"5":1,"6":1,"7":1},"f":{},"b":{}}
,"/home/evan/Code/mindless/lib/data/dynamo/dynamo.ts": {"path":"/home/evan/Code/mindless/lib/data/dynamo/dynamo.ts","statementMap":{"0":{"start":{"line":1,"column":0},"end":{"line":1,"column":59}},"1":{"start":{"line":3,"column":0},"end":{"line":3,"column":31}},"2":{"start":{"line":4,"column":0},"end":{"line":4,"column":46}},"3":{"start":{"line":8,"column":0},"end":{"line":29,"column":0}},"4":{"start":{"line":10,"column":85},"end":{"line":10,"column":120}},"5":{"start":{"line":11,"column":8},"end":{"line":11,"column":103}},"6":{"start":{"line":12,"column":21},"end":{"line":12,"column":70}},"7":{"start":{"line":13,"column":8},"end":{"line":13,"column":53}},"8":{"start":{"line":16,"column":11},"end":{"line":18,"column":5}},"9":{"start":{"line":17,"column":8},"end":{"line":17,"column":53}},"10":{"start":{"line":20,"column":11},"end":{"line":28,"column":5}},"11":{"start":{"line":21,"column":8},"end":{"line":27,"column":10}},"12":{"start":{"line":22,"column":12},"end":{"line":26,"column":13}},"13":{"start":{"line":23,"column":16},"end":{"line":23,"column":67}},"14":{"start":{"line":25,"column":16},"end":{"line":25,"column":59}},"15":{"start":{"line":8,"column":13},"end":{"line":29,"column":1}},"16":{"start":{"line":29,"column":0},"end":{"line":29,"column":1}},"17":{"start":{"line":8,"column":13},"end":{"line":8,"column":19}}},"fnMap":{"0":{"name":"(anonymous_3)","decl":{"start":{"line":8,"column":0},"end":{"line":null,"column":-1}},"loc":{"start":{"line":8,"column":0},"end":{"line":8,"column":-1}}},"1":{"name":"Dynamo","decl":{"start":{"line":10,"column":4},"end":{"line":10,"column":84}},"loc":{"start":{"line":10,"column":120},"end":{"line":14,"column":5}}},"2":{"name":"(anonymous_5)","decl":{"start":{"line":16,"column":4},"end":{"line":16,"column":24}},"loc":{"start":{"line":16,"column":85},"end":{"line":18,"column":5}}},"3":{"name":"(anonymous_6)","decl":{"start":{"line":20,"column":4},"end":{"line":null,"column":-1}},"loc":{"start":{"line":20,"column":4},"end":{"line":28,"column":5}}},"4":{"name":"(anonymous_7)","decl":{"start":{"line":21,"column":25},"end":{"line":21,"column":25}},"loc":{"start":{"line":21,"column":29},"end":{"line":27,"column":9}}}},"branchMap":{"0":{"loc":{"start":{"line":22,"column":12},"end":{"line":26,"column":13}},"type":"if","locations":[{"start":{"line":22,"column":12},"end":{"line":26,"column":13}},{"start":{"line":22,"column":12},"end":{"line":26,"column":13}}]}},"s":{"0":2,"1":2,"2":2,"3":2,"4":1,"5":1,"6":1,"7":1,"8":2,"9":0,"10":2,"11":0,"12":0,"13":0,"14":0,"15":2,"16":2,"17":2},"f":{"0":2,"1":1,"2":0,"3":0,"4":0},"b":{"0":[0,0]}}
,"/home/evan/Code/mindless/lib/data/dynamo/table.ts": {"path":"/home/evan/Code/mindless/lib/data/dynamo/table.ts","statementMap":{"0":{"start":{"line":2,"column":0},"end":{"line":2,"column":38}},"1":{"start":{"line":7,"column":0},"end":{"line":69,"column":0}},"2":{"start":{"line":12,"column":24},"end":{"line":12,"column":38}},"3":{"start":{"line":15,"column":14},"end":{"line":18,"column":5}},"4":{"start":{"line":16,"column":8},"end":{"line":16,"column":87}},"5":{"start":{"line":20,"column":11},"end":{"line":38,"column":5}},"6":{"start":{"line":20,"column":4},"end":{"line":38,"column":4}},"7":{"start":{"line":20,"column":47},"end":{"line":20,"column":58}},"8":{"start":{"line":22,"column":30},"end":{"line":35,"column":9}},"9":{"start":{"line":23,"column":38},"end":{"line":32,"column":13}},"10":{"start":{"line":24,"column":16},"end":{"line":31,"column":17}},"11":{"start":{"line":25,"column":20},"end":{"line":25,"column":104}},"12":{"start":{"line":26,"column":20},"end":{"line":26,"column":32}},"13":{"start":{"line":28,"column":31},"end":{"line":28,"column":59}},"14":{"start":{"line":29,"column":20},"end":{"line":29,"column":46}},"15":{"start":{"line":30,"column":20},"end":{"line":30,"column":31}},"16":{"start":{"line":34,"column":12},"end":{"line":34,"column":72}},"17":{"start":{"line":37,"column":8},"end":{"line":37,"column":43}},"18":{"start":{"line":40,"column":11},"end":{"line":43,"column":5}},"19":{"start":{"line":40,"column":4},"end":{"line":43,"column":4}},"20":{"start":{"line":41,"column":24},"end":{"line":41,"column":101}},"21":{"start":{"line":41,"column":52},"end":{"line":41,"column":101}},"22":{"start":{"line":41,"column":72},"end":{"line":41,"column":100}},"23":{"start":{"line":42,"column":8},"end":{"line":42,"column":42}},"24":{"start":{"line":45,"column":11},"end":{"line":47,"column":5}},"25":{"start":{"line":46,"column":8},"end":{"line":46,"column":39}},"26":{"start":{"line":46,"column":36},"end":{"line":46,"column":37}},"27":{"start":{"line":49,"column":14},"end":{"line":66,"column":5}},"28":{"start":{"line":49,"column":4},"end":{"line":66,"column":4}},"29":{"start":{"line":50,"column":30},"end":{"line":63,"column":9}},"30":{"start":{"line":52,"column":27},"end":{"line":60,"column":13}},"31":{"start":{"line":53,"column":16},"end":{"line":59,"column":17}},"32":{"start":{"line":54,"column":20},"end":{"line":54,"column":109}},"33":{"start":{"line":55,"column":20},"end":{"line":55,"column":32}},"34":{"start":{"line":57,"column":20},"end":{"line":57,"column":53}},"35":{"start":{"line":58,"column":20},"end":{"line":58,"column":36}},"36":{"start":{"line":62,"column":12},"end":{"line":62,"column":62}},"37":{"start":{"line":65,"column":8},"end":{"line":65,"column":44}},"38":{"start":{"line":7,"column":22},"end":{"line":69,"column":1}},"39":{"start":{"line":69,"column":0},"end":{"line":69,"column":1}},"40":{"start":{"line":7,"column":22},"end":{"line":7,"column":33}}},"fnMap":{"0":{"name":"(anonymous_1)","decl":{"start":{"line":7,"column":0},"end":{"line":null,"column":-1}},"loc":{"start":{"line":7,"column":0},"end":{"line":7,"column":-1}}},"1":{"name":"DynamoTable","decl":{"start":{"line":12,"column":4},"end":{"line":12,"column":23}},"loc":{"start":{"line":12,"column":38},"end":{"line":13,"column":5}}},"2":{"name":"(anonymous_3)","decl":{"start":{"line":15,"column":4},"end":{"line":null,"column":-1}},"loc":{"start":{"line":15,"column":4},"end":{"line":18,"column":5}}},"3":{"name":"(anonymous_4)","decl":{"start":{"line":20,"column":4},"end":{"line":20,"column":17}},"loc":{"start":{"line":20,"column":58},"end":{"line":38,"column":5}}},"4":{"name":"(anonymous_5)","decl":{"start":{"line":22,"column":30},"end":{"line":22,"column":30}},"loc":{"start":{"line":22,"column":46},"end":{"line":35,"column":9}}},"5":{"name":"(anonymous_6)","decl":{"start":{"line":23,"column":38},"end":{"line":23,"column":38}},"loc":{"start":{"line":23,"column":49},"end":{"line":32,"column":13}}},"6":{"name":"(anonymous_7)","decl":{"start":{"line":40,"column":4},"end":{"line":null,"column":-1}},"loc":{"start":{"line":40,"column":4},"end":{"line":43,"column":5}}},"7":{"name":"(anonymous_8)","decl":{"start":{"line":41,"column":24},"end":{"line":41,"column":24}},"loc":{"start":{"line":41,"column":47},"end":{"line":41,"column":101}}},"8":{"name":"(anonymous_9)","decl":{"start":{"line":41,"column":63},"end":{"line":41,"column":62}},"loc":{"start":{"line":41,"column":68},"end":{"line":41,"column":100}}},"9":{"name":"(anonymous_10)","decl":{"start":{"line":45,"column":4},"end":{"line":null,"column":-1}},"loc":{"start":{"line":45,"column":4},"end":{"line":47,"column":5}}},"10":{"name":"(anonymous_11)","decl":{"start":{"line":46,"column":31},"end":{"line":46,"column":30}},"loc":{"start":{"line":46,"column":32},"end":{"line":46,"column":37}}},"11":{"name":"(anonymous_12)","decl":{"start":{"line":49,"column":4},"end":{"line":49,"column":24}},"loc":{"start":{"line":49,"column":53},"end":{"line":66,"column":5}}},"12":{"name":"(anonymous_13)","decl":{"start":{"line":50,"column":30},"end":{"line":50,"column":30}},"loc":{"start":{"line":50,"column":46},"end":{"line":63,"column":9}}},"13":{"name":"(anonymous_14)","decl":{"start":{"line":52,"column":27},"end":{"line":52,"column":27}},"loc":{"start":{"line":52,"column":63},"end":{"line":60,"column":13}}}},"branchMap":{"0":{"loc":{"start":{"line":20,"column":47},"end":{"line":20,"column":58}},"type":"if","locations":[{"start":{"line":20,"column":47},"end":{"line":20,"column":58}},{"start":{"line":20,"column":47},"end":{"line":20,"column":58}}]},"1":{"loc":{"start":{"line":24,"column":16},"end":{"line":31,"column":17}},"type":"if","locations":[{"start":{"line":24,"column":16},"end":{"line":31,"column":17}},{"start":{"line":24,"column":16},"end":{"line":31,"column":17}}]},"2":{"loc":{"start":{"line":53,"column":16},"end":{"line":59,"column":17}},"type":"if","locations":[{"start":{"line":53,"column":16},"end":{"line":59,"column":17}},{"start":{"line":53,"column":16},"end":{"line":59,"column":17}}]}},"s":{"0":1,"1":1,"2":0,"3":1,"4":0,"5":1,"6":0,"7":0,"8":0,"9":0,"10":0,"11":0,"12":0,"13":0,"14":0,"15":0,"16":0,"17":0,"18":1,"19":0,"20":0,"21":0,"22":0,"23":0,"24":1,"25":0,"26":0,"27":1,"28":0,"29":0,"30":0,"31":0,"32":0,"33":0,"34":0,"35":0,"36":0,"37":0,"38":1,"39":1,"40":1},"f":{"0":1,"1":0,"2":0,"3":0,"4":0,"5":0,"6":0,"7":0,"8":0,"9":0,"10":0,"11":0,"12":0,"13":0},"b":{"0":[0,0],"1":[0,0],"2":[0,0]}}
,"/home/evan/Code/mindless/lib/middleware/middleware.ts": {"path":"/home/evan/Code/mindless/lib/middleware/middleware.ts","statementMap":{"0":{"start":{"line":1,"column":0},"end":{"line":11,"column":0}},"1":{"start":{"line":4,"column":12},"end":{"line":4,"column":41}},"2":{"start":{"line":6,"column":9},"end":{"line":8,"column":3}},"3":{"start":{"line":7,"column":4},"end":{"line":7,"column":28}},"4":{"start":{"line":11,"column":0},"end":{"line":11,"column":1}},"5":{"start":{"line":1,"column":22},"end":{"line":1,"column":32}}},"fnMap":{"0":{"name":"(anonymous_0)","decl":{"start":{"line":1,"column":0},"end":{"line":null,"column":-1}},"loc":{"start":{"line":1,"column":0},"end":{"line":1,"column":-1}}},"1":{"name":"Middleware","decl":{"start":{"line":2,"column":2},"end":{"line":null,"column":-1}},"loc":{"start":{"line":2,"column":2},"end":{"line":2,"column":19}}},"2":{"name":"(anonymous_2)","decl":{"start":{"line":6,"column":2},"end":{"line":null,"column":-1}},"loc":{"start":{"line":6,"column":2},"end":{"line":8,"column":3}}}},"branchMap":{},"s":{"0":2,"1":1,"2":2,"3":1,"4":2,"5":2},"f":{"0":2,"1":1,"2":1},"b":{}}
,"/home/evan/Code/mindless/lib/request/event.ts": {"path":"/home/evan/Code/mindless/lib/request/event.ts","statementMap":{"0":{"start":{"line":1,"column":0},"end":{"line":9,"column":1}},"1":{"start":{"line":2,"column":2},"end":{"line":2,"column":13}},"2":{"start":{"line":3,"column":2},"end":{"line":3,"column":15}},"3":{"start":{"line":4,"column":2},"end":{"line":4,"column":13}},"4":{"start":{"line":5,"column":2},"end":{"line":5,"column":19}},"5":{"start":{"line":6,"column":2},"end":{"line":6,"column":17}},"6":{"start":{"line":7,"column":2},"end":{"line":7,"column":21}},"7":{"start":{"line":8,"column":2},"end":{"line":8,"column":15}}},"fnMap":{"0":{"name":"(anonymous_0)","decl":{"start":{"line":1,"column":0},"end":{"line":1,"column":11}},"loc":{"start":{"line":1,"column":23},"end":{"line":9,"column":1}}}},"branchMap":{"0":{"loc":{"start":{"line":1,"column":12},"end":{"line":1,"column":23}},"type":"binary-expr","locations":[{"start":{"line":1,"column":12},"end":{"line":1,"column":23}},{"start":{"line":1,"column":12},"end":{"line":1,"column":23}}]}},"s":{"0":1,"1":1,"2":1,"3":1,"4":1,"5":1,"6":1,"7":1},"f":{"0":1},"b":{"0":[1,1]}}
,"/home/evan/Code/mindless/lib/request/index.ts": {"path":"/home/evan/Code/mindless/lib/request/index.ts","statementMap":{"0":{"start":{"line":1,"column":0},"end":{"line":1,"column":35}},"1":{"start":{"line":1,"column":9},"end":{"line":1,"column":16}},"2":{"start":{"line":2,"column":0},"end":{"line":2,"column":31}},"3":{"start":{"line":2,"column":9},"end":{"line":2,"column":14}}},"fnMap":{},"branchMap":{},"s":{"0":1,"1":1,"2":1,"3":1},"f":{},"b":{}}
,"/home/evan/Code/mindless/lib/request/request.ts": {"path":"/home/evan/Code/mindless/lib/request/request.ts","statementMap":{"0":{"start":{"line":5,"column":0},"end":{"line":64,"column":0}},"1":{"start":{"line":8,"column":26},"end":{"line":8,"column":39}},"2":{"start":{"line":9,"column":8},"end":{"line":13,"column":9}},"3":{"start":{"line":10,"column":12},"end":{"line":10,"column":28}},"4":{"start":{"line":12,"column":12},"end":{"line":12,"column":48}},"5":{"start":{"line":14,"column":8},"end":{"line":16,"column":9}},"6":{"start":{"line":15,"column":12},"end":{"line":15,"column":43}},"7":{"start":{"line":17,"column":8},"end":{"line":19,"column":9}},"8":{"start":{"line":18,"column":12},"end":{"line":18,"column":50}},"9":{"start":{"line":20,"column":8},"end":{"line":22,"column":9}},"10":{"start":{"line":21,"column":12},"end":{"line":21,"column":36}},"11":{"start":{"line":25,"column":4},"end":{"line":27,"column":5}},"12":{"start":{"line":26,"column":8},"end":{"line":26,"column":35}},"13":{"start":{"line":29,"column":4},"end":{"line":31,"column":5}},"14":{"start":{"line":30,"column":8},"end":{"line":30,"column":51}},"15":{"start":{"line":33,"column":4},"end":{"line":46,"column":5}},"16":{"start":{"line":35,"column":8},"end":{"line":37,"column":9}},"17":{"start":{"line":36,"column":12},"end":{"line":36,"column":50}},"18":{"start":{"line":38,"column":8},"end":{"line":40,"column":9}},"19":{"start":{"line":39,"column":12},"end":{"line":39,"column":57}},"20":{"start":{"line":41,"column":8},"end":{"line":43,"column":9}},"21":{"start":{"line":42,"column":12},"end":{"line":42,"column":35}},"22":{"start":{"line":45,"column":8},"end":{"line":45,"column":128}},"23":{"start":{"line":48,"column":4},"end":{"line":54,"column":5}},"24":{"start":{"line":49,"column":8},"end":{"line":51,"column":9}},"25":{"start":{"line":50,"column":12},"end":{"line":50,"column":43}},"26":{"start":{"line":53,"column":8},"end":{"line":53,"column":77}},"27":{"start":{"line":56,"column":4},"end":{"line":63,"column":5}},"28":{"start":{"line":56,"column":33},"end":{"line":56,"column":60}},"29":{"start":{"line":57,"column":8},"end":{"line":60,"column":9}},"30":{"start":{"line":58,"column":12},"end":{"line":58,"column":34}},"31":{"start":{"line":59,"column":12},"end":{"line":59,"column":19}},"32":{"start":{"line":62,"column":8},"end":{"line":62,"column":106}},"33":{"start":{"line":64,"column":0},"end":{"line":64,"column":1}},"34":{"start":{"line":5,"column":13},"end":{"line":5,"column":20}}},"fnMap":{"0":{"name":"(anonymous_0)","decl":{"start":{"line":5,"column":0},"end":{"line":null,"column":-1}},"loc":{"start":{"line":5,"column":0},"end":{"line":5,"column":-1}}},"1":{"name":"Request","decl":{"start":{"line":8,"column":4},"end":{"line":8,"column":25}},"loc":{"start":{"line":8,"column":39},"end":{"line":23,"column":5}}},"2":{"name":"(anonymous_2)","decl":{"start":{"line":25,"column":4},"end":{"line":null,"column":-1}},"loc":{"start":{"line":25,"column":4},"end":{"line":27,"column":5}}},"3":{"name":"(anonymous_3)","decl":{"start":{"line":29,"column":4},"end":{"line":null,"column":-1}},"loc":{"start":{"line":29,"column":4},"end":{"line":31,"column":5}}},"4":{"name":"(anonymous_4)","decl":{"start":{"line":33,"column":4},"end":{"line":33,"column":7}},"loc":{"start":{"line":33,"column":20},"end":{"line":46,"column":5}}},"5":{"name":"(anonymous_5)","decl":{"start":{"line":48,"column":4},"end":{"line":48,"column":10}},"loc":{"start":{"line":48,"column":23},"end":{"line":54,"column":5}}},"6":{"name":"(anonymous_6)","decl":{"start":{"line":56,"column":4},"end":{"line":56,"column":7}},"loc":{"start":{"line":56,"column":60},"end":{"line":63,"column":5}}}},"branchMap":{"0":{"loc":{"start":{"line":9,"column":8},"end":{"line":13,"column":9}},"type":"if","locations":[{"start":{"line":9,"column":8},"end":{"line":13,"column":9}},{"start":{"line":9,"column":8},"end":{"line":13,"column":9}}]},"1":{"loc":{"start":{"line":14,"column":8},"end":{"line":16,"column":9}},"type":"if","locations":[{"start":{"line":14,"column":8},"end":{"line":16,"column":9}},{"start":{"line":14,"column":8},"end":{"line":16,"column":9}}]},"2":{"loc":{"start":{"line":17,"column":8},"end":{"line":19,"column":9}},"type":"if","locations":[{"start":{"line":17,"column":8},"end":{"line":19,"column":9}},{"start":{"line":17,"column":8},"end":{"line":19,"column":9}}]},"3":{"loc":{"start":{"line":20,"column":8},"end":{"line":22,"column":9}},"type":"if","locations":[{"start":{"line":20,"column":8},"end":{"line":22,"column":9}},{"start":{"line":20,"column":8},"end":{"line":22,"column":9}}]},"4":{"loc":{"start":{"line":35,"column":8},"end":{"line":37,"column":9}},"type":"if","locations":[{"start":{"line":35,"column":8},"end":{"line":37,"column":9}},{"start":{"line":35,"column":8},"end":{"line":37,"column":9}}]},"5":{"loc":{"start":{"line":38,"column":8},"end":{"line":40,"column":9}},"type":"if","locations":[{"start":{"line":38,"column":8},"end":{"line":40,"column":9}},{"start":{"line":38,"column":8},"end":{"line":40,"column":9}}]},"6":{"loc":{"start":{"line":41,"column":8},"end":{"line":43,"column":9}},"type":"if","locations":[{"start":{"line":41,"column":8},"end":{"line":43,"column":9}},{"start":{"line":41,"column":8},"end":{"line":43,"column":9}}]},"7":{"loc":{"start":{"line":49,"column":8},"end":{"line":51,"column":9}},"type":"if","locations":[{"start":{"line":49,"column":8},"end":{"line":51,"column":9}},{"start":{"line":49,"column":8},"end":{"line":51,"column":9}}]},"8":{"loc":{"start":{"line":56,"column":33},"end":{"line":56,"column":60}},"type":"if","locations":[{"start":{"line":56,"column":33},"end":{"line":56,"column":60}},{"start":{"line":56,"column":33},"end":{"line":56,"column":60}}]},"9":{"loc":{"start":{"line":57,"column":8},"end":{"line":60,"column":9}},"type":"if","locations":[{"start":{"line":57,"column":8},"end":{"line":60,"column":9}},{"start":{"line":57,"column":8},"end":{"line":60,"column":9}}]},"10":{"loc":{"start":{"line":57,"column":12},"end":{"line":57,"column":21}},"type":"binary-expr","locations":[{"start":{"line":57,"column":12},"end":{"line":57,"column":21}},{"start":{"line":57,"column":25},"end":{"line":57,"column":56}}]}},"s":{"0":1,"1":10,"2":10,"3":6,"4":4,"5":10,"6":1,"7":10,"8":1,"9":10,"10":1,"11":1,"12":1,"13":1,"14":1,"15":1,"16":11,"17":1,"18":10,"19":1,"20":9,"21":7,"22":2,"23":1,"24":2,"25":1,"26":1,"27":1,"28":5,"29":3,"30":2,"31":2,"32":1,"33":1,"34":1},"f":{"0":1,"1":10,"2":1,"3":1,"4":11,"5":2,"6":3},"b":{"0":[6,4],"1":[1,9],"2":[1,9],"3":[1,9],"4":[1,10],"5":[1,9],"6":[7,2],"7":[1,1],"8":[2,1],"9":[2,1],"10":[3,2]}}
,"/home/evan/Code/mindless/lib/routing/index.ts": {"path":"/home/evan/Code/mindless/lib/routing/index.ts","statementMap":{"0":{"start":{"line":1,"column":0},"end":{"line":1,"column":56}},"1":{"start":{"line":1,"column":9},"end":{"line":1,"column":15}},"2":{"start":{"line":1,"column":17},"end":{"line":1,"column":31}},"3":{"start":{"line":1,"column":33},"end":{"line":1,"column":38}},"4":{"start":{"line":2,"column":0},"end":{"line":2,"column":33}},"5":{"start":{"line":2,"column":9},"end":{"line":2,"column":15}}},"fnMap":{},"branchMap":{},"s":{"0":1,"1":1,"2":1,"3":1,"4":1,"5":1},"f":{},"b":{}}
,"/home/evan/Code/mindless/lib/routing/router.ts": {"path":"/home/evan/Code/mindless/lib/routing/router.ts","statementMap":{"0":{"start":{"line":6,"column":0},"end":{"line":6,"column":38}},"1":{"start":{"line":11,"column":0},"end":{"line":69,"column":0}},"2":{"start":{"line":18,"column":12},"end":{"line":18,"column":28}},"3":{"start":{"line":19,"column":12},"end":{"line":19,"column":32}},"4":{"start":{"line":13,"column":10},"end":{"line":13,"column":51}},"5":{"start":{"line":22,"column":9},"end":{"line":39,"column":3}},"6":{"start":{"line":23,"column":31},"end":{"line":23,"column":57}},"7":{"start":{"line":24,"column":32},"end":{"line":24,"column":63}},"8":{"start":{"line":25,"column":21},"end":{"line":25,"column":48}},"9":{"start":{"line":27,"column":4},"end":{"line":27,"column":50}},"10":{"start":{"line":28,"column":4},"end":{"line":28,"column":54}},"11":{"start":{"line":30,"column":4},"end":{"line":34,"column":5}},"12":{"start":{"line":32,"column":6},"end":{"line":33,"column":64}},"13":{"start":{"line":36,"column":4},"end":{"line":36,"column":50}},"14":{"start":{"line":38,"column":4},"end":{"line":38,"column":61}},"15":{"start":{"line":41,"column":10},"end":{"line":45,"column":3}},"16":{"start":{"line":42,"column":4},"end":{"line":44,"column":5}},"17":{"start":{"line":43,"column":6},"end":{"line":43,"column":59}},"18":{"start":{"line":48,"column":9},"end":{"line":53,"column":3}},"19":{"start":{"line":48,"column":2},"end":{"line":53,"column":2}},"20":{"start":{"line":51,"column":4},"end":{"line":52,"column":44}},"21":{"start":{"line":51,"column":35},"end":{"line":51,"column":66}},"22":{"start":{"line":52,"column":20},"end":{"line":52,"column":42}},"23":{"start":{"line":55,"column":15},"end":{"line":67,"column":3}},"24":{"start":{"line":57,"column":10},"end":{"line":57,"column":86}},"25":{"start":{"line":58,"column":31},"end":{"line":58,"column":96}},"26":{"start":{"line":58,"column":10},"end":{"line":58,"column":96}},"27":{"start":{"line":59,"column":6},"end":{"line":59,"column":22}},"28":{"start":{"line":61,"column":10},"end":{"line":64,"column":8}},"29":{"start":{"line":65,"column":6},"end":{"line":65,"column":37}},"30":{"start":{"line":69,"column":0},"end":{"line":69,"column":1}},"31":{"start":{"line":11,"column":13},"end":{"line":11,"column":19}}},"fnMap":{"0":{"name":"(anonymous_12)","decl":{"start":{"line":11,"column":0},"end":{"line":null,"column":-1}},"loc":{"start":{"line":11,"column":0},"end":{"line":11,"column":-1}}},"1":{"name":"Router","decl":{"start":{"line":17,"column":2},"end":{"line":18,"column":11}},"loc":{"start":{"line":19,"column":32},"end":{"line":20,"column":7}}},"2":{"name":"(anonymous_14)","decl":{"start":{"line":22,"column":2},"end":{"line":22,"column":14}},"loc":{"start":{"line":22,"column":35},"end":{"line":39,"column":3}}},"3":{"name":"(anonymous_15)","decl":{"start":{"line":41,"column":2},"end":{"line":41,"column":31}},"loc":{"start":{"line":41,"column":79},"end":{"line":45,"column":3}}},"4":{"name":"(anonymous_16)","decl":{"start":{"line":48,"column":2},"end":{"line":null,"column":-1}},"loc":{"start":{"line":48,"column":2},"end":{"line":53,"column":3}}},"5":{"name":"(anonymous_17)","decl":{"start":{"line":51,"column":24},"end":{"line":51,"column":23}},"loc":{"start":{"line":51,"column":31},"end":{"line":51,"column":66}}},"6":{"name":"(anonymous_18)","decl":{"start":{"line":52,"column":15},"end":{"line":52,"column":14}},"loc":{"start":{"line":52,"column":16},"end":{"line":52,"column":42}}},"7":{"name":"(anonymous_19)","decl":{"start":{"line":55,"column":2},"end":{"line":null,"column":-1}},"loc":{"start":{"line":55,"column":2},"end":{"line":67,"column":3}}}},"branchMap":{"0":{"loc":{"start":{"line":30,"column":4},"end":{"line":34,"column":5}},"type":"if","locations":[{"start":{"line":30,"column":4},"end":{"line":34,"column":5}},{"start":{"line":30,"column":4},"end":{"line":34,"column":5}}]},"1":{"loc":{"start":{"line":42,"column":4},"end":{"line":44,"column":5}},"type":"if","locations":[{"start":{"line":42,"column":4},"end":{"line":44,"column":5}},{"start":{"line":42,"column":4},"end":{"line":44,"column":5}}]}},"s":{"0":1,"1":1,"2":3,"3":3,"4":3,"5":1,"6":3,"7":3,"8":3,"9":3,"10":3,"11":3,"12":1,"13":2,"14":2,"15":1,"16":8,"17":6,"18":1,"19":1,"20":1,"21":1,"22":1,"23":1,"24":2,"25":1,"26":1,"27":1,"28":1,"29":1,"30":1,"31":1},"f":{"0":1,"1":3,"2":3,"3":8,"4":1,"5":1,"6":1,"7":2},"b":{"0":[1,2],"1":[6,2]}}
}
