TN:
SF:/home/evan/Code/mindless/lib/providers.ts
FN:7,(anonymous_0)
FNF:1
FNH:1
FNDA:3,(anonymous_0)
DA:2,1
DA:3,1
DA:5,1
DA:7,1
DA:8,3
DA:9,1
DA:12,3
DA:13,3
DA:15,3
LF:9
LH:9
BRDA:8,0,0,1
BRDA:8,0,1,2
BRF:2
BRH:2
end_of_record
TN:
SF:/home/evan/Code/mindless/lib/response.ts
FN:1,(anonymous_0)
FN:9,Response
FNF:2
FNH:2
FNDA:1,(anonymous_0)
FNDA:2,Response
DA:1,1
DA:10,4
DA:11,5
DA:12,6
DA:14,1
LF:5
LH:5
BRDA:10,0,0,0
BRDA:10,0,1,2
BRDA:11,1,0,1
BRDA:11,1,1,1
BRDA:12,2,0,2
BRDA:12,2,1,0
BRF:6
BRH:4
end_of_record
TN:
SF:/home/evan/Code/mindless/lib/types.ts
FNF:0
FNH:0
DA:1,2
LF:1
LH:1
BRF:0
BRH:0
end_of_record
TN:
SF:/home/evan/Code/mindless/lib/configs/config.ts
FN:8,(anonymous_1)
FN:7,DefaultConfig
FNF:2
FNH:2
FNDA:3,(anonymous_1)
FNDA:4,DefaultConfig
DA:1,3
DA:8,3
DA:9,4
DA:10,3
LF:4
LH:4
BRF:0
BRH:0
end_of_record
TN:
SF:/home/evan/Code/mindless/lib/configs/configuration-manager.ts
FN:5,(anonymous_1)
FN:9,ConfigurationManager
FN:14,(anonymous_3)
FN:20,(anonymous_4)
FN:29,(anonymous_5)
FN:33,(anonymous_6)
FNF:6
FNH:6
FNDA:3,(anonymous_1)
FNDA:9,ConfigurationManager
FNDA:6,(anonymous_3)
FNDA:8,(anonymous_4)
FNDA:10,(anonymous_5)
FNDA:2,(anonymous_6)
DA:1,3
DA:5,3
DA:7,9
DA:9,9
DA:10,9
DA:11,4
DA:13,5
DA:14,5
DA:15,6
DA:20,3
DA:21,8
DA:22,7
DA:25,1
DA:29,3
DA:30,10
DA:33,3
DA:34,2
DA:35,1
DA:36,1
DA:38,3
LF:20
LH:20
BRDA:10,0,0,4
BRDA:10,0,1,5
BRDA:21,1,0,7
BRDA:21,1,1,1
BRDA:34,2,0,1
BRDA:34,2,1,1
BRF:6
BRH:6
end_of_record
TN:
SF:/home/evan/Code/mindless/lib/configs/index.ts
FNF:0
FNH:0
DA:1,2
DA:2,2
LF:2
LH:2
BRF:0
BRH:0
end_of_record
TN:
SF:/home/evan/Code/mindless/lib/controller/controller.ts
FN:4,(anonymous_1)
FN:5,Controller
FNF:2
FNH:2
FNDA:1,(anonymous_1)
FNDA:1,Controller
DA:1,1
DA:4,1
DA:7,1
LF:3
LH:3
BRF:0
BRH:0
end_of_record
TN:
SF:/home/evan/Code/mindless/lib/data/index.ts
FNF:0
FNH:0
DA:1,1
DA:2,1
DA:3,1
DA:4,1
LF:4
LH:4
BRF:0
BRH:0
end_of_record
TN:
SF:/home/evan/Code/mindless/lib/data/dynamo/dynamo.ts
FN:8,(anonymous_3)
FN:10,Dynamo
FN:16,(anonymous_5)
FN:20,(anonymous_6)
FN:21,(anonymous_7)
FNF:5
FNH:2
FNDA:2,(anonymous_3)
FNDA:1,Dynamo
FNDA:0,(anonymous_5)
FNDA:0,(anonymous_6)
FNDA:0,(anonymous_7)
DA:1,2
DA:3,2
DA:4,2
DA:8,2
DA:10,1
DA:11,1
DA:12,1
DA:13,1
DA:16,2
DA:17,0
DA:20,2
DA:21,0
DA:22,0
DA:23,0
DA:25,0
DA:29,2
LF:16
LH:11
BRDA:22,0,0,0
BRDA:22,0,1,0
BRF:2
BRH:0
end_of_record
TN:
SF:/home/evan/Code/mindless/lib/data/dynamo/table.ts
FN:7,(anonymous_1)
FN:12,DynamoTable
FN:15,(anonymous_3)
FN:20,(anonymous_4)
FN:22,(anonymous_5)
FN:23,(anonymous_6)
FN:40,(anonymous_7)
FN:41,(anonymous_8)
FN:41,(anonymous_9)
FN:45,(anonymous_10)
FN:46,(anonymous_11)
FN:49,(anonymous_12)
FN:50,(anonymous_13)
FN:52,(anonymous_14)
FNF:14
FNH:1
FNDA:1,(anonymous_1)
FNDA:0,DynamoTable
FNDA:0,(anonymous_3)
FNDA:0,(anonymous_4)
FNDA:0,(anonymous_5)
FNDA:0,(anonymous_6)
FNDA:0,(anonymous_7)
FNDA:0,(anonymous_8)
FNDA:0,(anonymous_9)
FNDA:0,(anonymous_10)
FNDA:0,(anonymous_11)
FNDA:0,(anonymous_12)
FNDA:0,(anonymous_13)
FNDA:0,(anonymous_14)
DA:2,1
DA:7,1
DA:12,0
DA:15,1
DA:16,0
DA:20,1
DA:22,0
DA:23,0
DA:24,0
DA:25,0
DA:26,0
DA:28,0
DA:29,0
DA:30,0
DA:34,0
DA:37,0
DA:40,1
DA:41,0
DA:42,0
DA:45,1
DA:46,0
DA:49,1
DA:50,0
DA:52,0
DA:53,0
DA:54,0
DA:55,0
DA:57,0
DA:58,0
DA:62,0
DA:65,0
DA:69,1
LF:32
LH:8
BRDA:20,0,0,0
BRDA:20,0,1,0
BRDA:24,1,0,0
BRDA:24,1,1,0
BRDA:53,2,0,0
BRDA:53,2,1,0
BRF:6
BRH:0
end_of_record
TN:
SF:/home/evan/Code/mindless/lib/middleware/middleware.ts
FN:1,(anonymous_0)
FN:2,Middleware
FN:6,(anonymous_2)
FNF:3
FNH:3
FNDA:2,(anonymous_0)
FNDA:1,Middleware
FNDA:1,(anonymous_2)
DA:1,2
DA:4,1
DA:6,2
DA:7,1
DA:11,2
LF:5
LH:5
BRF:0
BRH:0
end_of_record
TN:
SF:/home/evan/Code/mindless/lib/request/event.ts
FN:1,(anonymous_0)
FNF:1
FNH:1
FNDA:1,(anonymous_0)
DA:1,1
DA:2,1
DA:3,1
DA:4,1
DA:5,1
DA:6,1
DA:7,1
DA:8,1
LF:8
LH:8
BRDA:1,0,0,1
BRDA:1,0,1,1
BRF:2
BRH:2
end_of_record
TN:
SF:/home/evan/Code/mindless/lib/request/index.ts
FNF:0
FNH:0
DA:1,1
DA:2,1
LF:2
LH:2
BRF:0
BRH:0
end_of_record
TN:
SF:/home/evan/Code/mindless/lib/request/request.ts
FN:5,(anonymous_0)
FN:8,Request
FN:25,(anonymous_2)
FN:29,(anonymous_3)
FN:33,(anonymous_4)
FN:48,(anonymous_5)
FN:56,(anonymous_6)
FNF:7
FNH:7
FNDA:1,(anonymous_0)
FNDA:10,Request
FNDA:1,(anonymous_2)
FNDA:1,(anonymous_3)
FNDA:11,(anonymous_4)
FNDA:2,(anonymous_5)
FNDA:3,(anonymous_6)
DA:5,1
DA:8,10
DA:9,10
DA:10,6
DA:12,4
DA:14,10
DA:15,1
DA:17,10
DA:18,1
DA:20,10
DA:21,1
DA:25,1
DA:26,1
DA:29,1
DA:30,1
DA:33,1
DA:35,11
DA:36,1
DA:38,10
DA:39,1
DA:41,9
DA:42,7
DA:45,2
DA:48,1
DA:49,2
DA:50,1
DA:53,1
DA:56,5
DA:57,3
DA:58,2
DA:59,2
DA:62,1
DA:64,1
LF:33
LH:33
BRDA:9,0,0,6
BRDA:9,0,1,4
BRDA:14,1,0,1
BRDA:14,1,1,9
BRDA:17,2,0,1
BRDA:17,2,1,9
BRDA:20,3,0,1
BRDA:20,3,1,9
BRDA:35,4,0,1
BRDA:35,4,1,10
BRDA:38,5,0,1
BRDA:38,5,1,9
BRDA:41,6,0,7
BRDA:41,6,1,2
BRDA:49,7,0,1
BRDA:49,7,1,1
BRDA:56,8,0,2
BRDA:56,8,1,1
BRDA:57,9,0,2
BRDA:57,9,1,1
BRDA:57,10,0,3
BRDA:57,10,1,2
BRF:22
BRH:22
end_of_record
TN:
SF:/home/evan/Code/mindless/lib/routing/index.ts
FNF:0
FNH:0
DA:1,1
DA:2,1
LF:2
LH:2
BRF:0
BRH:0
end_of_record
TN:
SF:/home/evan/Code/mindless/lib/routing/router.ts
FN:11,(anonymous_12)
FN:17,Router
FN:22,(anonymous_14)
FN:41,(anonymous_15)
FN:48,(anonymous_16)
FN:51,(anonymous_17)
FN:52,(anonymous_18)
FN:55,(anonymous_19)
FNF:8
FNH:8
FNDA:1,(anonymous_12)
FNDA:3,Router
FNDA:3,(anonymous_14)
FNDA:8,(anonymous_15)
FNDA:1,(anonymous_16)
FNDA:1,(anonymous_17)
FNDA:1,(anonymous_18)
FNDA:2,(anonymous_19)
DA:6,1
DA:11,1
DA:13,3
DA:18,3
DA:19,3
DA:22,1
DA:23,3
DA:24,3
DA:25,3
DA:27,3
DA:28,3
DA:30,3
DA:32,1
DA:36,2
DA:38,2
DA:41,1
DA:42,8
DA:43,6
DA:48,1
DA:51,1
DA:52,1
DA:55,1
DA:57,2
DA:58,1
DA:59,1
DA:61,1
DA:65,1
DA:69,1
LF:28
LH:28
BRDA:30,0,0,1
BRDA:30,0,1,2
BRDA:42,1,0,6
BRDA:42,1,1,2
BRF:4
BRH:4
end_of_record
